TN:
SF:C:\Backup_gopi_19_12_18\angular-js-example\ing-project\tailor\src\polyfills.ts
FNF:0
FNH:0
LF:0
LH:0
BRF:0
BRH:0
end_of_record
TN:
SF:C:\Backup_gopi_19_12_18\angular-js-example\ing-project\tailor\src\test.ts
FNF:0
FNH:0
DA:13,1
DA:18,1
DA:20,1
LF:3
LH:3
BRF:0
BRH:0
end_of_record
TN:
SF:C:\Backup_gopi_19_12_18\angular-js-example\ing-project\tailor\src\app\service.service.ts
FN:11,(anonymous_0)
FN:13,(anonymous_1)
FNF:2
FNH:2
FNDA:4,(anonymous_0)
FNDA:4,(anonymous_1)
DA:7,1
DA:9,4
DA:11,4
DA:14,4
LF:4
LH:4
BRF:0
BRH:0
end_of_record
TN:
SF:C:\Backup_gopi_19_12_18\angular-js-example\ing-project\tailor\src\app\core\banner\banner.component.ts
FN:10,(anonymous_0)
FN:12,(anonymous_1)
FNF:2
FNH:2
FNDA:6,(anonymous_0)
FNDA:5,(anonymous_1)
DA:8,1
LF:1
LH:1
BRF:0
BRH:0
end_of_record
TN:
SF:C:\Backup_gopi_19_12_18\angular-js-example\ing-project\tailor\src\app\core\contact-form\contact-form.component.ts
FN:14,(anonymous_0)
FN:16,(anonymous_1)
FNF:2
FNH:2
FNDA:6,(anonymous_0)
FNDA:5,(anonymous_1)
DA:10,1
DA:14,6
DA:17,5
LF:3
LH:3
BRF:0
BRH:0
end_of_record
TN:
SF:C:\Backup_gopi_19_12_18\angular-js-example\ing-project\tailor\src\app\core\nav-bar\nav-bar.component.ts
FN:12,(anonymous_0)
FN:14,(anonymous_1)
FN:15,(anonymous_2)
FN:20,myFunction
FN:29,(anonymous_4)
FN:34,(anonymous_5)
FNF:6
FNH:3
FNDA:7,(anonymous_0)
FNDA:6,(anonymous_1)
FNDA:0,(anonymous_2)
FNDA:0,myFunction
FNDA:0,(anonymous_4)
FNDA:1,(anonymous_5)
DA:8,1
DA:10,7
DA:15,6
DA:17,6
DA:18,6
DA:21,0
DA:22,0
DA:24,0
DA:30,0
DA:35,1
DA:36,1
DA:37,0
DA:39,1
LF:13
LH:8
BRDA:21,0,0,0
BRDA:21,0,1,0
BRDA:36,1,0,0
BRDA:36,1,1,1
BRF:4
BRH:1
end_of_record
TN:
SF:C:\Backup_gopi_19_12_18\angular-js-example\ing-project\tailor\src\app\core\table\table.component.ts
FN:10,(anonymous_0)
FN:12,(anonymous_1)
FNF:2
FNH:2
FNDA:1,(anonymous_0)
FNDA:1,(anonymous_1)
DA:8,1
LF:1
LH:1
BRF:0
BRH:0
end_of_record
TN:
SF:C:\Backup_gopi_19_12_18\angular-js-example\ing-project\tailor\src\app\home\home.component.ts
FN:17,(anonymous_0)
FN:19,(anonymous_1)
FN:23,(anonymous_2)
FN:28,(anonymous_3)
FN:29,(anonymous_4)
FN:32,(anonymous_5)
FN:36,(anonymous_6)
FNF:7
FNH:5
FNDA:5,(anonymous_0)
FNDA:4,(anonymous_1)
FNDA:0,(anonymous_2)
FNDA:4,(anonymous_3)
FNDA:4,(anonymous_4)
FNDA:0,(anonymous_5)
FNDA:1,(anonymous_6)
DA:9,1
DA:10,5
DA:13,5
DA:15,5
DA:17,5
DA:20,4
DA:24,0
DA:25,0
DA:26,0
DA:29,4
DA:33,0
DA:37,1
DA:38,1
LF:13
LH:9
BRF:0
BRH:0
end_of_record
TN:
SF:C:\Backup_gopi_19_12_18\angular-js-example\ing-project\tailor\src\app\login\login.component.ts
FN:10,(anonymous_0)
FN:12,(anonymous_1)
FNF:2
FNH:2
FNDA:1,(anonymous_0)
FNDA:1,(anonymous_1)
DA:8,1
LF:1
LH:1
BRF:0
BRH:0
end_of_record
